2020-10-28 12:52:00,499 INFO PERFORMANCE:|0|0|-1|-1

2020-10-28 12:57:00,500 INFO PERFORMANCE:|4|4|-1|-1

2020-10-28 13:02:00,501 INFO PERFORMANCE:|4|4|-1|-1

2020-10-28 13:07:00,502 INFO PERFORMANCE:|4|4|-1|-1

2020-10-28 13:12:00,502 INFO PERFORMANCE:|4|4|-1|-1

2020-10-28 13:37:24,491 INFO PERFORMANCE:|4|4|-1|-1

2020-10-28 13:42:24,493 INFO PERFORMANCE:|4|0|-1|-1

2020-10-28 13:47:24,507 INFO PERFORMANCE:|0|0|-1|-1

2020-10-28 13:52:24,510 INFO PERFORMANCE:|0|0|-1|-1

2020-10-28 13:57:24,519 INFO PERFORMANCE:|0|0|-1|-1

2020-10-28 14:02:24,527 INFO PERFORMANCE:|0|0|-1|-1

2020-10-28 14:07:24,532 INFO PERFORMANCE:|0|0|-1|-1

2020-10-28 14:12:25,770 INFO PERFORMANCE:|0|0|-1|-1

2020-10-28 14:17:25,781 INFO PERFORMANCE:|0|0|-1|-1

2020-10-28 14:22:25,795 INFO PERFORMANCE:|0|0|-1|-1

2020-10-28 14:27:25,798 INFO PERFORMANCE:|0|0|-1|-1

2020-10-28 14:32:25,814 INFO PERFORMANCE:|0|0|-1|-1

2020-10-28 16:54:15,015 INFO PERFORMANCE:|0|0|-1|-1

2020-10-28 16:59:15,020 INFO PERFORMANCE:|0|0|-1|-1

2020-10-28 17:04:15,030 INFO PERFORMANCE:|0|0|-1|-1

2020-10-28 17:09:15,043 INFO PERFORMANCE:|0|0|-1|-1

2020-10-28 17:14:15,049 INFO PERFORMANCE:|0|0|-1|-1

2020-10-28 17:19:15,051 INFO PERFORMANCE:|1|0|-1|-1

2020-10-28 17:24:15,053 INFO PERFORMANCE:|1|0|-1|-1

2020-10-28 17:29:15,053 INFO PERFORMANCE:|1|0|-1|-1

2020-10-28 17:34:15,055 INFO PERFORMANCE:|3|3|-1|-1

2020-10-28 17:39:15,056 INFO PERFORMANCE:|4|4|-1|-1

2020-10-28 17:44:15,058 INFO PERFORMANCE:|4|4|-1|-1

2020-10-28 17:49:15,059 INFO PERFORMANCE:|4|4|-1|-1

2020-10-28 17:54:15,060 INFO PERFORMANCE:|4|0|-1|-1

2020-10-28 17:59:15,062 INFO PERFORMANCE:|4|4|-1|-1

