2020-10-28 12:54:55,847 INFO DEFAULT_GROUP@@spring-cloud-sleuth-zipkin4 is changed, add it to push queue.

2020-10-28 12:55:11,711 INFO DEFAULT_GROUP@@spring-cloud-sleuth-zipkin3 is changed, add it to push queue.

2020-10-28 12:55:25,203 INFO DEFAULT_GROUP@@spring-cloud-sleuth-zipkin2 is changed, add it to push queue.

2020-10-28 12:55:38,905 INFO DEFAULT_GROUP@@spring-cloud-sleuth-zipkin1 is changed, add it to push queue.

2020-10-28 13:36:28,090 INFO DEFAULT_GROUP@@spring-cloud-sleuth-zipkin4 is changed, add it to push queue.

2020-10-28 13:36:28,090 INFO DEFAULT_GROUP@@spring-cloud-sleuth-zipkin2 is changed, add it to push queue.

2020-10-28 13:36:28,092 INFO DEFAULT_GROUP@@spring-cloud-sleuth-zipkin3 is changed, add it to push queue.

2020-10-28 13:36:28,092 INFO DEFAULT_GROUP@@spring-cloud-sleuth-zipkin1 is changed, add it to push queue.

2020-10-28 13:36:29,217 INFO DEFAULT_GROUP@@spring-cloud-sleuth-zipkin1 is changed, add it to push queue.

2020-10-28 13:36:30,507 INFO DEFAULT_GROUP@@spring-cloud-sleuth-zipkin2 is changed, add it to push queue.

2020-10-28 13:36:31,336 INFO DEFAULT_GROUP@@spring-cloud-sleuth-zipkin4 is changed, add it to push queue.

2020-10-28 13:36:31,999 INFO DEFAULT_GROUP@@spring-cloud-sleuth-zipkin3 is changed, add it to push queue.

2020-10-28 13:41:10,006 INFO DEFAULT_GROUP@@spring-cloud-sleuth-zipkin1 is changed, add it to push queue.

2020-10-28 13:41:13,638 INFO DEFAULT_GROUP@@spring-cloud-sleuth-zipkin4 is changed, add it to push queue.

2020-10-28 13:41:13,648 INFO serviceName: DEFAULT_GROUP@@spring-cloud-sleuth-zipkin4 changed, schedule push for: 192.168.81.1:62615, agent: Nacos-Java-Client:v1.2.1, key: 192.168.81.1,62615,6939086677700

2020-10-28 13:41:13,648 INFO send udp packet: 192.168.81.1,62615,6939086677700

2020-10-28 13:41:13,653 INFO received ack: {"type": "push-ack", "lastRefTime":"6939086677700", "data":""} from: 192.168.81.1:62615, cost: 5 ms, unacked: 0, total push: 1

2020-10-28 13:41:18,631 INFO DEFAULT_GROUP@@spring-cloud-sleuth-zipkin3 is changed, add it to push queue.

2020-10-28 13:41:18,631 INFO serviceName: DEFAULT_GROUP@@spring-cloud-sleuth-zipkin3 changed, schedule push for: 192.168.81.1:62615, agent: Nacos-Java-Client:v1.2.1, key: 192.168.81.1,62615,6944080482600

2020-10-28 13:41:18,632 INFO send udp packet: 192.168.81.1,62615,6944080482600

2020-10-28 13:41:18,639 INFO received ack: {"type": "push-ack", "lastRefTime":"6944080482600", "data":""} from: 192.168.81.1:62615, cost: 7 ms, unacked: 0, total push: 2

2020-10-28 13:41:22,425 INFO DEFAULT_GROUP@@spring-cloud-sleuth-zipkin2 is changed, add it to push queue.

2020-10-28 17:16:48,606 INFO DEFAULT_GROUP@@spring-cloud-sleuth-skywalking4 is changed, add it to push queue.

2020-10-28 17:16:54,256 INFO DEFAULT_GROUP@@spring-cloud-sleuth-skywalking4 is changed, add it to push queue.

2020-10-28 17:21:51,674 INFO DEFAULT_GROUP@@spring-cloud-sleuth-skywalking4 is changed, add it to push queue.

2020-10-28 17:23:11,256 INFO DEFAULT_GROUP@@spring-cloud-sleuth-skywalking4 is changed, add it to push queue.

2020-10-28 17:25:51,085 INFO DEFAULT_GROUP@@spring-cloud-sleuth-skywalking4 is changed, add it to push queue.

2020-10-28 17:27:10,610 INFO DEFAULT_GROUP@@spring-cloud-sleuth-skywalking4 is changed, add it to push queue.

2020-10-28 17:27:21,661 INFO DEFAULT_GROUP@@spring-cloud-sleuth-skywalking4 is changed, add it to push queue.

2020-10-28 17:28:13,183 INFO DEFAULT_GROUP@@spring-cloud-sleuth-skywalking4 is changed, add it to push queue.

2020-10-28 17:28:21,114 INFO DEFAULT_GROUP@@spring-cloud-sleuth-skywalking4 is changed, add it to push queue.

2020-10-28 17:28:22,771 INFO DEFAULT_GROUP@@spring-cloud-sleuth-skywalking4 is changed, add it to push queue.

2020-10-28 17:32:00,876 INFO DEFAULT_GROUP@@spring-cloud-sleuth-skywalking4 is changed, add it to push queue.

2020-10-28 17:32:28,625 INFO DEFAULT_GROUP@@spring-cloud-sleuth-skywalking3 is changed, add it to push queue.

2020-10-28 17:32:54,972 INFO DEFAULT_GROUP@@spring-cloud-sleuth-skywalking3 is changed, add it to push queue.

2020-10-28 17:33:03,934 INFO DEFAULT_GROUP@@spring-cloud-sleuth-skywalking3 is changed, add it to push queue.

2020-10-28 17:33:50,916 INFO DEFAULT_GROUP@@spring-cloud-sleuth-skywalking2 is changed, add it to push queue.

2020-10-28 17:35:19,071 INFO DEFAULT_GROUP@@spring-cloud-sleuth-skywalking1 is changed, add it to push queue.

2020-10-28 17:41:22,477 INFO DEFAULT_GROUP@@spring-cloud-sleuth-skywalking1 is changed, add it to push queue.

2020-10-28 17:41:31,642 INFO DEFAULT_GROUP@@spring-cloud-sleuth-skywalking1 is changed, add it to push queue.

2020-10-28 17:52:49,455 INFO DEFAULT_GROUP@@spring-cloud-sleuth-skywalking1 is changed, add it to push queue.

2020-10-28 17:53:03,055 INFO DEFAULT_GROUP@@spring-cloud-sleuth-skywalking2 is changed, add it to push queue.

2020-10-28 17:53:07,407 INFO DEFAULT_GROUP@@spring-cloud-sleuth-skywalking4 is changed, add it to push queue.

2020-10-28 17:53:09,454 INFO DEFAULT_GROUP@@spring-cloud-sleuth-skywalking3 is changed, add it to push queue.

2020-10-28 17:54:29,000 INFO DEFAULT_GROUP@@spring-cloud-sleuth-skywalking4 is changed, add it to push queue.

2020-10-28 17:54:38,962 INFO DEFAULT_GROUP@@spring-cloud-sleuth-skywalking1 is changed, add it to push queue.

2020-10-28 17:54:49,297 INFO DEFAULT_GROUP@@spring-cloud-sleuth-skywalking2 is changed, add it to push queue.

2020-10-28 17:54:51,821 INFO DEFAULT_GROUP@@spring-cloud-sleuth-skywalking3 is changed, add it to push queue.

2020-10-28 18:00:19,577 INFO DEFAULT_GROUP@@spring-cloud-sleuth-skywalking4 is changed, add it to push queue.

2020-10-28 18:00:21,844 INFO DEFAULT_GROUP@@spring-cloud-sleuth-skywalking3 is changed, add it to push queue.

2020-10-28 18:00:21,845 INFO serviceName: DEFAULT_GROUP@@spring-cloud-sleuth-skywalking3 changed, schedule push for: 192.168.81.1:56995, agent: Nacos-Java-Client:v1.2.1, key: 192.168.81.1,56995,22486065513700

2020-10-28 18:00:21,845 INFO send udp packet: 192.168.81.1,56995,22486065513700

2020-10-28 18:00:21,857 INFO received ack: {"type": "push-ack", "lastRefTime":"22486065513700", "data":""} from: 192.168.81.1:56995, cost: 12 ms, unacked: 0, total push: 3

2020-10-28 18:00:23,985 INFO DEFAULT_GROUP@@spring-cloud-sleuth-skywalking2 is changed, add it to push queue.

2020-10-28 18:00:23,985 INFO serviceName: DEFAULT_GROUP@@spring-cloud-sleuth-skywalking2 changed, schedule push for: 192.168.81.1:56994, agent: Nacos-Java-Client:v1.2.1, key: 192.168.81.1,56994,22488206480500

2020-10-28 18:00:23,985 INFO send udp packet: 192.168.81.1,56994,22488206480500

2020-10-28 18:00:23,989 INFO received ack: {"type": "push-ack", "lastRefTime":"22488206480500", "data":""} from: 192.168.81.1:56994, cost: 4 ms, unacked: 0, total push: 4

2020-10-28 18:00:25,993 INFO DEFAULT_GROUP@@spring-cloud-sleuth-skywalking1 is changed, add it to push queue.

